Using '/home/bin2liu/sde/WeiYang/git/newappcontext/android-platforms-soot//android-5/android.jar' as android.jar
/home/bin2liu/sde/WeiYang/git/newappcontext/android-platforms-soot//android-5/android.jar:/usr/lib/jvm/java-7-openjdk-amd64/jre/lib/rt.jar:/media/sde/WeiYang/Workspace/CommandLine/AppContext/libs/am.jar:/media/sde/WeiYang/Workspace/CommandLine/AppContext/libs/allshare.jar:/media/sde/WeiYang/Workspace/CommandLine/AppContext/libs/polyglot.jar:/media/sde/WeiYang/Workspace/CommandLine/AppContext/libs/asm-debug-all-5.0.3.jar:/media/sde/WeiYang/Workspace/CommandLine/AppContext/libs/access.control.jar:/media/sde/WeiYang/Workspace/CommandLine/AppContext/libs/com.quicinc.cne.jar:/media/sde/WeiYang/Workspace/CommandLine/AppContext/libs/org.codeaurora.Performance.jar:/media/sde/WeiYang/Workspace/CommandLine/AppContext/libs/CustFeature.jar:/media/sde/WeiYang/Workspace/CommandLine/AppContext/libs/input.jar:/media/sde/WeiYang/Workspace/CommandLine/AppContext/libs/content.jar:/media/sde/WeiYang/Workspace/CommandLine/AppContext/libs/framework_ext.jar:/media/sde/WeiYang/Workspace/CommandLine/AppContext/libs/monkey.jar:/media/sde/WeiYang/Workspace/CommandLine/AppContext/libs/dexlib2-2.0.3-dev.jar:/media/sde/WeiYang/Workspace/CommandLine/AppContext/libs/ime.jar:/media/sde/WeiYang/Workspace/CommandLine/AppContext/libs/util-2.0.3-dev.jar:/media/sde/WeiYang/Workspace/CommandLine/AppContext/libs/allsharelib.jar:/media/sde/WeiYang/Workspace/CommandLine/AppContext/libs/sechardware.jar:/media/sde/WeiYang/Workspace/CommandLine/AppContext/libs/com.android.nfc_extras.jar:/media/sde/WeiYang/Workspace/CommandLine/AppContext/libs/javax.obex.jar:/media/sde/WeiYang/Workspace/CommandLine/AppContext/libs/sec_platform_library.jar:/media/sde/WeiYang/Workspace/CommandLine/AppContext/libs/com.google.widevine.software.drm.jar:/media/sde/WeiYang/Workspace/CommandLine/AppContext/libs/seccamera.jar:/media/sde/WeiYang/Workspace/CommandLine/AppContext/libs/hamcrest-all-1.3.jar:/media/sde/WeiYang/Workspace/CommandLine/AppContext/libs/DummyClass.jar:/media/sde/WeiYang/Workspace/CommandLine/AppContext/libs/framework2.jar:/media/sde/WeiYang/Workspace/CommandLine/AppContext/libs/modemwarmup.jar:/media/sde/WeiYang/Workspace/CommandLine/AppContext/libs/slf4j-simple-1.7.5.jar:/media/sde/WeiYang/Workspace/CommandLine/AppContext/libs/libvtmanagerjar.jar:/media/sde/WeiYang/Workspace/CommandLine/AppContext/libs/slf4j-api-1.7.5.jar:/media/sde/WeiYang/Workspace/CommandLine/AppContext/libs/javax.btobex.jar:/media/sde/WeiYang/Workspace/CommandLine/AppContext/libs/bu.jar:/media/sde/WeiYang/Workspace/CommandLine/AppContext/libs/com.qualcomm.location.vzw_library.jar:/media/sde/WeiYang/Workspace/CommandLine/AppContext/libs/org.simalliance.openmobileapi.jar:/media/sde/WeiYang/Workspace/CommandLine/AppContext/libs/sec_feature.jar:/media/sde/WeiYang/Workspace/CommandLine/AppContext/libs/apache-xml.jar:/media/sde/WeiYang/Workspace/CommandLine/AppContext/libs/framework.jar:/media/sde/WeiYang/Workspace/CommandLine/AppContext/libs/android.policy.jar:/media/sde/WeiYang/Workspace/CommandLine/AppContext/libs/bouncycastle.jar:/media/sde/WeiYang/Workspace/CommandLine/AppContext/libs/services.jar:/media/sde/WeiYang/Workspace/CommandLine/AppContext/libs/twframework.jar:/media/sde/WeiYang/Workspace/CommandLine/AppContext/libs/com.samsung.device.jar:/media/sde/WeiYang/Workspace/CommandLine/AppContext/libs/bmgr.jar:/media/sde/WeiYang/Workspace/CommandLine/AppContext/libs/junit.jar:/media/sde/WeiYang/Workspace/CommandLine/AppContext/libs/org.hamcrest.core_1.3.0.jar:/media/sde/WeiYang/Workspace/CommandLine/AppContext/libs/pm.jar:/media/sde/WeiYang/Workspace/CommandLine/AppContext/libs/core.jar:/media/sde/WeiYang/Workspace/CommandLine/AppContext/libs/minimode.jar:/media/sde/WeiYang/Workspace/CommandLine/AppContext/libs/com.google.android.media.effects.jar:/media/sde/WeiYang/Workspace/CommandLine/AppContext/libs/GlobalConfig.jar:/media/sde/WeiYang/Workspace/CommandLine/AppContext/libs/cos.jar:/media/sde/WeiYang/Workspace/CommandLine/AppContext/libs/com.android.future.usb.accessory.jar:/media/sde/WeiYang/Workspace/CommandLine/AppContext/libs/core-junit.jar:/media/sde/WeiYang/Workspace/CommandLine/AppContext/libs/secmediarecorder.jar:/media/sde/WeiYang/Workspace/CommandLine/AppContext/libs/j2ee.jar:/media/sde/WeiYang/Workspace/CommandLine/AppContext/libs/java_cup.jar:/media/sde/WeiYang/Workspace/CommandLine/AppContext/libs/com.android.location.provider.jar:/media/sde/WeiYang/Workspace/CommandLine/AppContext/libs/axml-2.0.jar:/media/sde/WeiYang/Workspace/CommandLine/AppContext/libs/requestsync.jar:/media/sde/WeiYang/Workspace/CommandLine/AppContext/libs/kies_feature.jar:/media/sde/WeiYang/Workspace/CommandLine/AppContext/libs/svc.jar:/media/sde/WeiYang/Workspace/CommandLine/AppContext/libs/com.google.android.maps.jar:/media/sde/WeiYang/Workspace/CommandLine/AppContext/libs/ext.jar:/media/sde/WeiYang/Workspace/CommandLine/AppContext/libs/secface.jar:/media/sde/WeiYang/Workspace/CommandLine/AppContext/libs/uiautomator.jar:/media/sde/WeiYang/Workspace/CommandLine/AppContext/libs/sec_edm.jar:/media/sde/WeiYang/Workspace/CommandLine/AppContext/libs/android.test.runner.jar:/media/sde/WeiYang/Workspace/CommandLine/AppContext/libs/junit-4.11.jar:/media/sde/WeiYang/Workspace/CommandLine/AppContext/libs/AXMLPrinter2.jar::/home/bin2liu/sde/WeiYang/git/newappcontext/android-platforms-soot/:/media/sde/WeiYang/Workspace/CommandLine/AppContext/Instrument/IfInstrument.jar:/usr/lib/jvm/java-7-openjdk-amd64/jre/lib
Using '/home/bin2liu/sde/WeiYang/git/newappcontext/android-platforms-soot//android-5/android.jar' as android.jar
Warning: org.apache.http.HttpResponse is a phantom class!
Warning: org.apache.http.HttpEntity is a phantom class!
Warning: org.apache.http.StatusLine is a phantom class!
Warning: org.apache.http.client.HttpClient is a phantom class!
Warning: org.apache.http.client.entity.UrlEncodedFormEntity is a phantom class!
Warning: org.apache.http.client.methods.HttpPost is a phantom class!
Warning: org.apache.http.client.methods.HttpUriRequest is a phantom class!
Warning: org.apache.http.impl.client.DefaultHttpClient is a phantom class!
Warning: org.apache.http.message.BasicNameValuePair is a phantom class!
Warning: org.bouncycastle.asn1.DERObjectIdentifier is a phantom class!
Transforming com.software.application.R$raw... 
Transforming com.software.application.R$layout... 
Transforming com.software.application.DeviceRegistrar$2... 
Value: $i0
Class: class soot.jimple.internal.JimpleLocal
Type: int
Value: 200
Class: class soot.jimple.IntConstant
Value: $i0
Class: class soot.jimple.internal.JimpleLocal
Type: int
Value: 400
Class: class soot.jimple.IntConstant
Transforming com.software.application.DeviceRegistrar$1... 
Value: $i0
Class: class soot.jimple.internal.JimpleLocal
Type: int
Value: 200
Class: class soot.jimple.IntConstant
Value: $i0
Class: class soot.jimple.internal.JimpleLocal
Type: int
Value: 400
Class: class soot.jimple.IntConstant
Transforming com.software.application.OffertActivity... 
Transforming com.software.application.ShowLink... 
Transforming com.software.application.SmsReceiver... 
Transforming com.software.application.Notificator... 
Value: $z0
Class: class soot.jimple.internal.JimpleLocal
Type: boolean
Value: 0
Class: class soot.jimple.IntConstant
Value: $z0
Class: class soot.jimple.internal.JimpleLocal
Type: boolean
Value: 0
Class: class soot.jimple.IntConstant
Value: $z0
Class: class soot.jimple.internal.JimpleLocal
Type: boolean
Value: 0
Class: class soot.jimple.IntConstant
Value: $i0
Class: class soot.jimple.internal.JimpleLocal
Type: int
Value: 0
Class: class soot.jimple.IntConstant
Transforming com.google.android.c2dm.C2DMBaseReceiver... 
Value: $z0
Class: class soot.jimple.internal.JimpleLocal
Type: boolean
Value: 0
Class: class soot.jimple.IntConstant
Value: $r7
Class: class soot.jimple.internal.JimpleLocal
Value: null
Class: class soot.jimple.NullConstant
Value: $r4
Class: class soot.jimple.internal.JimpleLocal
Value: null
Class: class soot.jimple.NullConstant
Value: $z0
Class: class soot.jimple.internal.JimpleLocal
Type: boolean
Value: 0
Class: class soot.jimple.IntConstant
Value: $r4
Class: class soot.jimple.internal.JimpleLocal
Value: null
Class: class soot.jimple.NullConstant
Value: $z0
Class: class soot.jimple.internal.JimpleLocal
Type: boolean
Value: 0
Class: class soot.jimple.IntConstant
Value: $z0
Class: class soot.jimple.internal.JimpleLocal
Type: boolean
Value: 0
Class: class soot.jimple.IntConstant
Value: $z0
Class: class soot.jimple.internal.JimpleLocal
Type: boolean
Value: 0
Class: class soot.jimple.IntConstant
Transforming com.google.android.c2dm.C2DMessaging... 
Value: $r2
Class: class soot.jimple.internal.JimpleLocal
Value: null
Class: class soot.jimple.NullConstant
Transforming com.software.application.Checker... 
Value: $z0
Class: class soot.jimple.internal.JimpleLocal
Type: boolean
Value: 0
Class: class soot.jimple.IntConstant
Value: $z0
Class: class soot.jimple.internal.JimpleLocal
Type: boolean
Value: 0
Class: class soot.jimple.IntConstant
Value: $i1
Class: class soot.jimple.internal.JimpleLocal
Type: int
Value: 2
Class: class soot.jimple.IntConstant
Value: $z0
Class: class soot.jimple.internal.JimpleLocal
Type: boolean
Value: 0
Class: class soot.jimple.IntConstant
Value: $i1
Class: class soot.jimple.internal.JimpleLocal
Type: int
Value: 1
Class: class soot.jimple.IntConstant
Value: $z0
Class: class soot.jimple.internal.JimpleLocal
Type: boolean
Value: 0
Class: class soot.jimple.IntConstant
Value: $i1
Class: class soot.jimple.internal.JimpleLocal
Type: int
Value: 2
Class: class soot.jimple.IntConstant
Value: $z0
Class: class soot.jimple.internal.JimpleLocal
Type: boolean
Value: 0
Class: class soot.jimple.IntConstant
Value: $i1
Class: class soot.jimple.internal.JimpleLocal
Type: int
Value: 0
Class: class soot.jimple.IntConstant
Value: $i1
Class: class soot.jimple.internal.JimpleLocal
Type: int
Value: 1
Class: class soot.jimple.IntConstant
Value: $i1
Class: class soot.jimple.internal.JimpleLocal
Type: int
Value: 2
Class: class soot.jimple.IntConstant
Transforming com.software.application.Scheme... 
Transforming com.software.application.Actor... 
Value: $z0
Class: class soot.jimple.internal.JimpleLocal
Type: boolean
Value: 0
Class: class soot.jimple.IntConstant
Value: $z3
Class: class soot.jimple.internal.JimpleLocal
Type: boolean
Value: 0
Class: class soot.jimple.IntConstant
Value: $z0
Class: class soot.jimple.internal.JimpleLocal
Type: boolean
Value: 0
Class: class soot.jimple.IntConstant
Value: $z3
Class: class soot.jimple.internal.JimpleLocal
Type: boolean
Value: 0
Class: class soot.jimple.IntConstant
Value: $z3
Class: class soot.jimple.internal.JimpleLocal
Type: boolean
Value: 0
Class: class soot.jimple.IntConstant
Value: $z3
Class: class soot.jimple.internal.JimpleLocal
Type: boolean
Value: 0
Class: class soot.jimple.IntConstant
Value: $r4
Class: class soot.jimple.internal.JimpleLocal
Value: null
Class: class soot.jimple.NullConstant
Value: $z0
Class: class soot.jimple.internal.JimpleLocal
Type: boolean
Value: 0
Class: class soot.jimple.IntConstant
Value: $z1
Class: class soot.jimple.internal.JimpleLocal
Type: boolean
Value: 0
Class: class soot.jimple.IntConstant
Value: $z1
Class: class soot.jimple.internal.JimpleLocal
Type: boolean
Value: 0
Class: class soot.jimple.IntConstant
Value: $z0
Class: class soot.jimple.internal.JimpleLocal
Type: boolean
Value: 0
Class: class soot.jimple.IntConstant
Value: $z0
Class: class soot.jimple.internal.JimpleLocal
Type: boolean
Value: 0
Class: class soot.jimple.IntConstant
Value: $z0
Class: class soot.jimple.internal.JimpleLocal
Type: boolean
Value: 0
Class: class soot.jimple.IntConstant
Value: $z0
Class: class soot.jimple.internal.JimpleLocal
Type: boolean
Value: 0
Class: class soot.jimple.IntConstant
Value: $z0
Class: class soot.jimple.internal.JimpleLocal
Type: boolean
Value: 0
Class: class soot.jimple.IntConstant
Value: $i0
Class: class soot.jimple.internal.JimpleLocal
Type: int
Value: -1
Class: class soot.jimple.IntConstant
Value: $i0
Class: class soot.jimple.internal.JimpleLocal
Type: int
Value: -1
Class: class soot.jimple.IntConstant
Value: $z0
Class: class soot.jimple.internal.JimpleLocal
Type: boolean
Value: 0
Class: class soot.jimple.IntConstant
Value: $z0
Class: class soot.jimple.internal.JimpleLocal
Type: boolean
Value: 0
Class: class soot.jimple.IntConstant
Value: $z0
Class: class soot.jimple.internal.JimpleLocal
Type: boolean
Value: 0
Class: class soot.jimple.IntConstant
Value: $z0
Class: class soot.jimple.internal.JimpleLocal
Type: boolean
Value: 0
Class: class soot.jimple.IntConstant
Value: $z0
Class: class soot.jimple.internal.JimpleLocal
Type: boolean
Value: 0
Class: class soot.jimple.IntConstant
Value: $z0
Class: class soot.jimple.internal.JimpleLocal
Type: boolean
Value: 0
Class: class soot.jimple.IntConstant
Value: $z0
Class: class soot.jimple.internal.JimpleLocal
Type: boolean
Value: 0
Class: class soot.jimple.IntConstant
Value: $z0
Class: class soot.jimple.internal.JimpleLocal
Type: boolean
Value: 0
Class: class soot.jimple.IntConstant
Value: $z0
Class: class soot.jimple.internal.JimpleLocal
Type: boolean
Value: 0
Class: class soot.jimple.IntConstant
Value: $z0
Class: class soot.jimple.internal.JimpleLocal
Type: boolean
Value: 0
Class: class soot.jimple.IntConstant
Value: $z0
Class: class soot.jimple.internal.JimpleLocal
Type: boolean
Value: 0
Class: class soot.jimple.IntConstant
Value: $z0
Class: class soot.jimple.internal.JimpleLocal
Type: boolean
Value: 0
Class: class soot.jimple.IntConstant
Value: $z0
Class: class soot.jimple.internal.JimpleLocal
Type: boolean
Value: 0
Class: class soot.jimple.IntConstant
Value: $z0
Class: class soot.jimple.internal.JimpleLocal
Type: boolean
Value: 0
Class: class soot.jimple.IntConstant
Value: $z0
Class: class soot.jimple.internal.JimpleLocal
Type: boolean
Value: 0
Class: class soot.jimple.IntConstant
Value: $r5
Class: class soot.jimple.internal.JimpleLocal
Value: null
Class: class soot.jimple.NullConstant
Value: $r5
Class: class soot.jimple.internal.JimpleLocal
Value: null
Class: class soot.jimple.NullConstant
Value: $z0
Class: class soot.jimple.internal.JimpleLocal
Type: boolean
Value: 0
Class: class soot.jimple.IntConstant
Value: $z0
Class: class soot.jimple.internal.JimpleLocal
Type: boolean
Value: 0
Class: class soot.jimple.IntConstant
Value: $z0
Class: class soot.jimple.internal.JimpleLocal
Type: boolean
Value: 0
Class: class soot.jimple.IntConstant
Value: $z0
Class: class soot.jimple.internal.JimpleLocal
Type: boolean
Value: 0
Class: class soot.jimple.IntConstant
Transforming com.software.application.Main$4... 
Value: $i0
Class: class soot.jimple.internal.JimpleLocal
Type: int
Transforming com.software.application.Main$3... 
Transforming com.software.application.DeviceRegistrar... 
Value: $z0
Class: class soot.jimple.internal.JimpleLocal
Type: boolean
Value: 0
Class: class soot.jimple.IntConstant
Transforming com.software.application.R$string... 
Transforming com.software.application.R... 
Transforming com.software.application.Mover$1... 
Value: $i0
Class: class soot.jimple.internal.JimpleLocal
Type: int
Value: $i0
Class: class soot.jimple.internal.JimpleLocal
Type: int
Value: $i3
Class: class soot.jimple.internal.JimpleLocal
Type: int
Value: $i3
Class: class soot.jimple.internal.JimpleLocal
Type: int
Value: 0
Class: class soot.jimple.IntConstant
Transforming com.software.application.Utils... 
Value: $z0
Class: class soot.jimple.internal.JimpleLocal
Type: boolean
Value: 0
Class: class soot.jimple.IntConstant
Value: $z0
Class: class soot.jimple.internal.JimpleLocal
Type: boolean
Value: 0
Class: class soot.jimple.IntConstant
Value: $z0
Class: class soot.jimple.internal.JimpleLocal
Type: boolean
Value: 0
Class: class soot.jimple.IntConstant
Transforming com.software.application.R$drawable... 
Transforming com.software.application.R$color... 
Transforming com.software.application.ShowLink$1... 
Transforming com.software.application.R$menu... 
Transforming com.software.application.Manifest$permission... 
Transforming com.software.application.Actor$1... 
Value: $i0
Class: class soot.jimple.internal.JimpleLocal
Type: int
Value: $i0
Class: class soot.jimple.internal.JimpleLocal
Type: int
Value: $i3
Class: class soot.jimple.internal.JimpleLocal
Type: int
Value: $i3
Class: class soot.jimple.internal.JimpleLocal
Type: int
Value: 0
Class: class soot.jimple.IntConstant
Transforming com.software.application.Manifest... 
Transforming com.google.android.c2dm.C2DMBroadcastReceiver... 
Transforming com.software.application.Main$1... 
Value: $z0
Class: class soot.jimple.internal.JimpleLocal
Type: boolean
Value: 0
Class: class soot.jimple.IntConstant
Transforming com.software.application.R$xml... 
Transforming com.software.application.Main$2... 
Transforming com.software.application.Main... 
Value: $z0
Class: class soot.jimple.internal.JimpleLocal
Type: boolean
Value: 0
Class: class soot.jimple.IntConstant
Value: $z0
Class: class soot.jimple.internal.JimpleLocal
Type: boolean
Value: 0
Class: class soot.jimple.IntConstant
Value: $z0
Class: class soot.jimple.internal.JimpleLocal
Type: boolean
Value: 0
Class: class soot.jimple.IntConstant
Value: $z0
Class: class soot.jimple.internal.JimpleLocal
Type: boolean
Value: 0
Class: class soot.jimple.IntConstant
Value: $z0
Class: class soot.jimple.internal.JimpleLocal
Type: boolean
Value: 0
Class: class soot.jimple.IntConstant
Value: $z0
Class: class soot.jimple.internal.JimpleLocal
Type: boolean
Value: 0
Class: class soot.jimple.IntConstant
Value: $z0
Class: class soot.jimple.internal.JimpleLocal
Type: boolean
Value: 0
Class: class soot.jimple.IntConstant
Value: $z0
Class: class soot.jimple.internal.JimpleLocal
Type: boolean
Value: 0
Class: class soot.jimple.IntConstant
Value: $z0
Class: class soot.jimple.internal.JimpleLocal
Type: boolean
Value: 0
Class: class soot.jimple.IntConstant
Value: $z0
Class: class soot.jimple.internal.JimpleLocal
Type: boolean
Value: 0
Class: class soot.jimple.IntConstant
Value: $z0
Class: class soot.jimple.internal.JimpleLocal
Type: boolean
Value: 0
Class: class soot.jimple.IntConstant
Value: $z0
Class: class soot.jimple.internal.JimpleLocal
Type: boolean
Value: 0
Class: class soot.jimple.IntConstant
Value: $z0
Class: class soot.jimple.internal.JimpleLocal
Type: boolean
Value: 0
Class: class soot.jimple.IntConstant
Value: $r1
Class: class soot.jimple.internal.JimpleLocal
Value: null
Class: class soot.jimple.NullConstant
Value: $z0
Class: class soot.jimple.internal.JimpleLocal
Type: boolean
Value: 0
Class: class soot.jimple.IntConstant
Value: $z0
Class: class soot.jimple.internal.JimpleLocal
Type: boolean
Value: 0
Class: class soot.jimple.IntConstant
Value: $z0
Class: class soot.jimple.internal.JimpleLocal
Type: boolean
Value: 0
Class: class soot.jimple.IntConstant
Value: $i1
Class: class soot.jimple.internal.JimpleLocal
Type: int
Value: 1
Class: class soot.jimple.IntConstant
Value: $z0
Class: class soot.jimple.internal.JimpleLocal
Type: boolean
Value: 0
Class: class soot.jimple.IntConstant
Value: $z0
Class: class soot.jimple.internal.JimpleLocal
Type: boolean
Value: 0
Class: class soot.jimple.IntConstant
Value: $z0
Class: class soot.jimple.internal.JimpleLocal
Type: boolean
Value: 0
Class: class soot.jimple.IntConstant
Value: $z0
Class: class soot.jimple.internal.JimpleLocal
Type: boolean
Value: 0
Class: class soot.jimple.IntConstant
Value: $i0
Class: class soot.jimple.internal.JimpleLocal
Type: int
Value: $z0
Class: class soot.jimple.internal.JimpleLocal
Type: boolean
Value: 0
Class: class soot.jimple.IntConstant
Value: $z0
Class: class soot.jimple.internal.JimpleLocal
Type: boolean
Value: 0
Class: class soot.jimple.IntConstant
Transforming com.software.application.R$attr... 
Transforming com.software.application.R$id... 
Transforming com.software.application.Mover... 
Value: $z0
Class: class soot.jimple.internal.JimpleLocal
Type: boolean
Value: 0
Class: class soot.jimple.IntConstant
Value: $z3
Class: class soot.jimple.internal.JimpleLocal
Type: boolean
Value: 0
Class: class soot.jimple.IntConstant
Value: $z0
Class: class soot.jimple.internal.JimpleLocal
Type: boolean
Value: 0
Class: class soot.jimple.IntConstant
Value: $z3
Class: class soot.jimple.internal.JimpleLocal
Type: boolean
Value: 0
Class: class soot.jimple.IntConstant
Value: $z3
Class: class soot.jimple.internal.JimpleLocal
Type: boolean
Value: 0
Class: class soot.jimple.IntConstant
Value: $z3
Class: class soot.jimple.internal.JimpleLocal
Type: boolean
Value: 0
Class: class soot.jimple.IntConstant
Value: $r4
Class: class soot.jimple.internal.JimpleLocal
Value: null
Class: class soot.jimple.NullConstant
Value: $z0
Class: class soot.jimple.internal.JimpleLocal
Type: boolean
Value: 0
Class: class soot.jimple.IntConstant
Value: $z1
Class: class soot.jimple.internal.JimpleLocal
Type: boolean
Value: 0
Class: class soot.jimple.IntConstant
Value: $z1
Class: class soot.jimple.internal.JimpleLocal
Type: boolean
Value: 0
Class: class soot.jimple.IntConstant
Value: $z0
Class: class soot.jimple.internal.JimpleLocal
Type: boolean
Value: 0
Class: class soot.jimple.IntConstant
Value: $z0
Class: class soot.jimple.internal.JimpleLocal
Type: boolean
Value: 0
Class: class soot.jimple.IntConstant
Value: $z0
Class: class soot.jimple.internal.JimpleLocal
Type: boolean
Value: 0
Class: class soot.jimple.IntConstant
Value: $z0
Class: class soot.jimple.internal.JimpleLocal
Type: boolean
Value: 0
Class: class soot.jimple.IntConstant
Value: $z0
Class: class soot.jimple.internal.JimpleLocal
Type: boolean
Value: 0
Class: class soot.jimple.IntConstant
Value: $i0
Class: class soot.jimple.internal.JimpleLocal
Type: int
Value: -1
Class: class soot.jimple.IntConstant
Value: $i0
Class: class soot.jimple.internal.JimpleLocal
Type: int
Value: -1
Class: class soot.jimple.IntConstant
Value: $z0
Class: class soot.jimple.internal.JimpleLocal
Type: boolean
Value: 0
Class: class soot.jimple.IntConstant
Value: $z0
Class: class soot.jimple.internal.JimpleLocal
Type: boolean
Value: 0
Class: class soot.jimple.IntConstant
Value: $z0
Class: class soot.jimple.internal.JimpleLocal
Type: boolean
Value: 0
Class: class soot.jimple.IntConstant
Value: $z0
Class: class soot.jimple.internal.JimpleLocal
Type: boolean
Value: 0
Class: class soot.jimple.IntConstant
Value: $z0
Class: class soot.jimple.internal.JimpleLocal
Type: boolean
Value: 0
Class: class soot.jimple.IntConstant
Value: $z0
Class: class soot.jimple.internal.JimpleLocal
Type: boolean
Value: 0
Class: class soot.jimple.IntConstant
Value: $z0
Class: class soot.jimple.internal.JimpleLocal
Type: boolean
Value: 0
Class: class soot.jimple.IntConstant
Value: $z0
Class: class soot.jimple.internal.JimpleLocal
Type: boolean
Value: 0
Class: class soot.jimple.IntConstant
Value: $z0
Class: class soot.jimple.internal.JimpleLocal
Type: boolean
Value: 0
Class: class soot.jimple.IntConstant
Value: $z0
Class: class soot.jimple.internal.JimpleLocal
Type: boolean
Value: 0
Class: class soot.jimple.IntConstant
Value: $z0
Class: class soot.jimple.internal.JimpleLocal
Type: boolean
Value: 0
Class: class soot.jimple.IntConstant
Value: $z0
Class: class soot.jimple.internal.JimpleLocal
Type: boolean
Value: 0
Class: class soot.jimple.IntConstant
Value: $z0
Class: class soot.jimple.internal.JimpleLocal
Type: boolean
Value: 0
Class: class soot.jimple.IntConstant
Value: $r5
Class: class soot.jimple.internal.JimpleLocal
Value: null
Class: class soot.jimple.NullConstant
Value: $r5
Class: class soot.jimple.internal.JimpleLocal
Value: null
Class: class soot.jimple.NullConstant
Value: $z0
Class: class soot.jimple.internal.JimpleLocal
Type: boolean
Value: 0
Class: class soot.jimple.IntConstant
Value: $z0
Class: class soot.jimple.internal.JimpleLocal
Type: boolean
Value: 0
Class: class soot.jimple.IntConstant
Transforming com.software.application.C2DMReceiver... 
Value: $r7
Class: class soot.jimple.internal.JimpleLocal
Value: null
Class: class soot.jimple.NullConstant
Value: $r8
Class: class soot.jimple.internal.JimpleLocal
Value: null
Class: class soot.jimple.NullConstant
Value: $r3
Class: class soot.jimple.internal.JimpleLocal
Value: null
Class: class soot.jimple.NullConstant
Value: $r2
Class: class soot.jimple.internal.JimpleLocal
Value: null
Class: class soot.jimple.NullConstant
Transforming com.software.application.Msg... 
Value: $z0
Class: class soot.jimple.internal.JimpleLocal
Type: boolean
Value: 0
Class: class soot.jimple.IntConstant
Transforming com.software.application.TextUtils... 
Value: $i0
Class: class soot.jimple.internal.JimpleLocal
Type: int
Value: 3
Class: class soot.jimple.IntConstant
Value: $i0
Class: class soot.jimple.internal.JimpleLocal
Type: int
Value: 1
Class: class soot.jimple.IntConstant
Value: $i0
Class: class soot.jimple.internal.JimpleLocal
Type: int
Value: 0
Class: class soot.jimple.IntConstant
Value: $i0
Class: class soot.jimple.internal.JimpleLocal
Type: int
Value: 2
Class: class soot.jimple.IntConstant
Value: $z0
Class: class soot.jimple.internal.JimpleLocal
Type: boolean
Value: 0
Class: class soot.jimple.IntConstant
Value: $z0
Class: class soot.jimple.internal.JimpleLocal
Type: boolean
Value: 0
Class: class soot.jimple.IntConstant
Value: $z0
Class: class soot.jimple.internal.JimpleLocal
Type: boolean
Value: 0
Class: class soot.jimple.IntConstant
Value: $i0
Class: class soot.jimple.internal.JimpleLocal
Type: int
Value: 3
Class: class soot.jimple.IntConstant
Value: $z0
Class: class soot.jimple.internal.JimpleLocal
Type: boolean
Value: 0
Class: class soot.jimple.IntConstant
Value: $i1
Class: class soot.jimple.internal.JimpleLocal
Type: int
Value: $i2
Class: class soot.jimple.internal.JimpleLocal
Type: int
Transforming com.software.application.Main$AsyncLoader... 
Value: $i0
Class: class soot.jimple.internal.JimpleLocal
Type: int
Value: 101
Class: class soot.jimple.IntConstant
Transforming com.software.application.OffertActivity$2... 
Transforming com.software.application.OffertActivity$1... 
