Using '/home/bin2liu/sde/WeiYang/git/newappcontext/android-platforms-soot//android-7/android.jar' as android.jar
/home/bin2liu/sde/WeiYang/git/newappcontext/android-platforms-soot//android-7/android.jar:/usr/lib/jvm/java-7-openjdk-amd64/jre/lib/rt.jar:/media/sde/WeiYang/Workspace/CommandLine/AppContext/libs/am.jar:/media/sde/WeiYang/Workspace/CommandLine/AppContext/libs/allshare.jar:/media/sde/WeiYang/Workspace/CommandLine/AppContext/libs/polyglot.jar:/media/sde/WeiYang/Workspace/CommandLine/AppContext/libs/asm-debug-all-5.0.3.jar:/media/sde/WeiYang/Workspace/CommandLine/AppContext/libs/access.control.jar:/media/sde/WeiYang/Workspace/CommandLine/AppContext/libs/com.quicinc.cne.jar:/media/sde/WeiYang/Workspace/CommandLine/AppContext/libs/org.codeaurora.Performance.jar:/media/sde/WeiYang/Workspace/CommandLine/AppContext/libs/CustFeature.jar:/media/sde/WeiYang/Workspace/CommandLine/AppContext/libs/input.jar:/media/sde/WeiYang/Workspace/CommandLine/AppContext/libs/content.jar:/media/sde/WeiYang/Workspace/CommandLine/AppContext/libs/framework_ext.jar:/media/sde/WeiYang/Workspace/CommandLine/AppContext/libs/monkey.jar:/media/sde/WeiYang/Workspace/CommandLine/AppContext/libs/dexlib2-2.0.3-dev.jar:/media/sde/WeiYang/Workspace/CommandLine/AppContext/libs/ime.jar:/media/sde/WeiYang/Workspace/CommandLine/AppContext/libs/util-2.0.3-dev.jar:/media/sde/WeiYang/Workspace/CommandLine/AppContext/libs/allsharelib.jar:/media/sde/WeiYang/Workspace/CommandLine/AppContext/libs/sechardware.jar:/media/sde/WeiYang/Workspace/CommandLine/AppContext/libs/com.android.nfc_extras.jar:/media/sde/WeiYang/Workspace/CommandLine/AppContext/libs/javax.obex.jar:/media/sde/WeiYang/Workspace/CommandLine/AppContext/libs/sec_platform_library.jar:/media/sde/WeiYang/Workspace/CommandLine/AppContext/libs/com.google.widevine.software.drm.jar:/media/sde/WeiYang/Workspace/CommandLine/AppContext/libs/seccamera.jar:/media/sde/WeiYang/Workspace/CommandLine/AppContext/libs/hamcrest-all-1.3.jar:/media/sde/WeiYang/Workspace/CommandLine/AppContext/libs/DummyClass.jar:/media/sde/WeiYang/Workspace/CommandLine/AppContext/libs/framework2.jar:/media/sde/WeiYang/Workspace/CommandLine/AppContext/libs/modemwarmup.jar:/media/sde/WeiYang/Workspace/CommandLine/AppContext/libs/slf4j-simple-1.7.5.jar:/media/sde/WeiYang/Workspace/CommandLine/AppContext/libs/libvtmanagerjar.jar:/media/sde/WeiYang/Workspace/CommandLine/AppContext/libs/slf4j-api-1.7.5.jar:/media/sde/WeiYang/Workspace/CommandLine/AppContext/libs/javax.btobex.jar:/media/sde/WeiYang/Workspace/CommandLine/AppContext/libs/bu.jar:/media/sde/WeiYang/Workspace/CommandLine/AppContext/libs/com.qualcomm.location.vzw_library.jar:/media/sde/WeiYang/Workspace/CommandLine/AppContext/libs/org.simalliance.openmobileapi.jar:/media/sde/WeiYang/Workspace/CommandLine/AppContext/libs/sec_feature.jar:/media/sde/WeiYang/Workspace/CommandLine/AppContext/libs/apache-xml.jar:/media/sde/WeiYang/Workspace/CommandLine/AppContext/libs/framework.jar:/media/sde/WeiYang/Workspace/CommandLine/AppContext/libs/android.policy.jar:/media/sde/WeiYang/Workspace/CommandLine/AppContext/libs/bouncycastle.jar:/media/sde/WeiYang/Workspace/CommandLine/AppContext/libs/services.jar:/media/sde/WeiYang/Workspace/CommandLine/AppContext/libs/twframework.jar:/media/sde/WeiYang/Workspace/CommandLine/AppContext/libs/com.samsung.device.jar:/media/sde/WeiYang/Workspace/CommandLine/AppContext/libs/bmgr.jar:/media/sde/WeiYang/Workspace/CommandLine/AppContext/libs/junit.jar:/media/sde/WeiYang/Workspace/CommandLine/AppContext/libs/org.hamcrest.core_1.3.0.jar:/media/sde/WeiYang/Workspace/CommandLine/AppContext/libs/pm.jar:/media/sde/WeiYang/Workspace/CommandLine/AppContext/libs/core.jar:/media/sde/WeiYang/Workspace/CommandLine/AppContext/libs/minimode.jar:/media/sde/WeiYang/Workspace/CommandLine/AppContext/libs/com.google.android.media.effects.jar:/media/sde/WeiYang/Workspace/CommandLine/AppContext/libs/GlobalConfig.jar:/media/sde/WeiYang/Workspace/CommandLine/AppContext/libs/cos.jar:/media/sde/WeiYang/Workspace/CommandLine/AppContext/libs/com.android.future.usb.accessory.jar:/media/sde/WeiYang/Workspace/CommandLine/AppContext/libs/core-junit.jar:/media/sde/WeiYang/Workspace/CommandLine/AppContext/libs/secmediarecorder.jar:/media/sde/WeiYang/Workspace/CommandLine/AppContext/libs/j2ee.jar:/media/sde/WeiYang/Workspace/CommandLine/AppContext/libs/java_cup.jar:/media/sde/WeiYang/Workspace/CommandLine/AppContext/libs/com.android.location.provider.jar:/media/sde/WeiYang/Workspace/CommandLine/AppContext/libs/axml-2.0.jar:/media/sde/WeiYang/Workspace/CommandLine/AppContext/libs/requestsync.jar:/media/sde/WeiYang/Workspace/CommandLine/AppContext/libs/kies_feature.jar:/media/sde/WeiYang/Workspace/CommandLine/AppContext/libs/svc.jar:/media/sde/WeiYang/Workspace/CommandLine/AppContext/libs/com.google.android.maps.jar:/media/sde/WeiYang/Workspace/CommandLine/AppContext/libs/ext.jar:/media/sde/WeiYang/Workspace/CommandLine/AppContext/libs/secface.jar:/media/sde/WeiYang/Workspace/CommandLine/AppContext/libs/uiautomator.jar:/media/sde/WeiYang/Workspace/CommandLine/AppContext/libs/sec_edm.jar:/media/sde/WeiYang/Workspace/CommandLine/AppContext/libs/android.test.runner.jar:/media/sde/WeiYang/Workspace/CommandLine/AppContext/libs/junit-4.11.jar:/media/sde/WeiYang/Workspace/CommandLine/AppContext/libs/AXMLPrinter2.jar::/home/bin2liu/sde/WeiYang/git/newappcontext/android-platforms-soot/:/media/sde/WeiYang/Workspace/CommandLine/AppContext/Instrument/IfInstrument.jar:/usr/lib/jvm/java-7-openjdk-amd64/jre/lib
Using '/home/bin2liu/sde/WeiYang/git/newappcontext/android-platforms-soot//android-7/android.jar' as android.jar
Warning: org.bouncycastle.asn1.DERObjectIdentifier is a phantom class!
Transforming com.bratolubzet.stlstart.R... 
Transforming com.bratolubzet.stlstart.R$drawable... 
Transforming com.bratolubzet.stlstart.R$attr... 
Transforming com.bratolubzet.stlstart.R$id... 
Transforming com.bratolubzet.stlstart.Bragushterra$2... 
Transforming com.bratolubzet.stlstart.Bratisko... 
Value: $z0
Class: class soot.jimple.internal.JimpleLocal
Type: boolean
Value: 0
Class: class soot.jimple.IntConstant
Value: $z0
Class: class soot.jimple.internal.JimpleLocal
Type: boolean
Value: 0
Class: class soot.jimple.IntConstant
Value: $z0
Class: class soot.jimple.internal.JimpleLocal
Type: boolean
Value: 0
Class: class soot.jimple.IntConstant
Value: $z0
Class: class soot.jimple.internal.JimpleLocal
Type: boolean
Value: 0
Class: class soot.jimple.IntConstant
Transforming com.bratolubzet.stlstart.Bragushterra$1... 
Transforming com.bratolubzet.stlstart.Vertikalno... 
Value: $r4
Class: class soot.jimple.internal.JimpleLocal
Value: "megafon"
Class: class soot.jimple.StringConstant
Value: $i2
Class: class soot.jimple.internal.JimpleLocal
Type: int
Value: 0
Class: class soot.jimple.IntConstant
Value: $i2
Class: class soot.jimple.internal.JimpleLocal
Type: int
Value: 3
Class: class soot.jimple.IntConstant
Value: $i2
Class: class soot.jimple.internal.JimpleLocal
Type: int
Value: 5
Class: class soot.jimple.IntConstant
Value: $i0
Class: class soot.jimple.internal.JimpleLocal
Type: int
Value: -1
Class: class soot.jimple.IntConstant
Value: $z0
Class: class soot.jimple.internal.JimpleLocal
Type: boolean
Value: 0
Class: class soot.jimple.IntConstant
Value: $z0
Class: class soot.jimple.internal.JimpleLocal
Type: boolean
Value: 0
Class: class soot.jimple.IntConstant
Value: $r5
Class: class soot.jimple.internal.JimpleLocal
Value: null
Class: class soot.jimple.NullConstant
Value: $i0
Class: class soot.jimple.internal.JimpleLocal
Type: int
Value: 0
Class: class soot.jimple.IntConstant
Value: $i0
Class: class soot.jimple.internal.JimpleLocal
Type: int
Value: 0
Class: class soot.jimple.IntConstant
Value: $i0
Class: class soot.jimple.internal.JimpleLocal
Type: int
Value: $i1
Class: class soot.jimple.internal.JimpleLocal
Type: int
Value: $z0
Class: class soot.jimple.internal.JimpleLocal
Type: boolean
Value: 0
Class: class soot.jimple.IntConstant
Value: $r4
Class: class soot.jimple.internal.JimpleLocal
Value: null
Class: class soot.jimple.NullConstant
Value: $i2
Class: class soot.jimple.internal.JimpleLocal
Type: int
Value: 3
Class: class soot.jimple.IntConstant
Value: $z0
Class: class soot.jimple.internal.JimpleLocal
Type: boolean
Value: 0
Class: class soot.jimple.IntConstant
Value: $r7
Class: class soot.jimple.internal.JimpleLocal
Value: null
Class: class soot.jimple.NullConstant
Value: $r4
Class: class soot.jimple.internal.JimpleLocal
Value: "79"
Class: class soot.jimple.StringConstant
Value: $r4
Class: class soot.jimple.internal.JimpleLocal
Value: "38"
Class: class soot.jimple.StringConstant
Value: $z0
Class: class soot.jimple.internal.JimpleLocal
Type: boolean
Value: 0
Class: class soot.jimple.IntConstant
Value: $r4
Class: class soot.jimple.internal.JimpleLocal
Value: "77"
Class: class soot.jimple.StringConstant
Value: $z0
Class: class soot.jimple.internal.JimpleLocal
Type: boolean
Value: 0
Class: class soot.jimple.IntConstant
Value: $r4
Class: class soot.jimple.internal.JimpleLocal
Value: "49"
Class: class soot.jimple.StringConstant
Value: $z0
Class: class soot.jimple.internal.JimpleLocal
Type: boolean
Value: 0
Class: class soot.jimple.IntConstant
Value: $r7
Class: class soot.jimple.internal.JimpleLocal
Value: "374"
Class: class soot.jimple.StringConstant
Value: $z0
Class: class soot.jimple.internal.JimpleLocal
Type: boolean
Value: 0
Class: class soot.jimple.IntConstant
Value: $r7
Class: class soot.jimple.internal.JimpleLocal
Value: "994"
Class: class soot.jimple.StringConstant
Value: $z0
Class: class soot.jimple.internal.JimpleLocal
Type: boolean
Value: 0
Class: class soot.jimple.IntConstant
Value: $r7
Class: class soot.jimple.internal.JimpleLocal
Value: "371"
Class: class soot.jimple.StringConstant
Value: $z0
Class: class soot.jimple.internal.JimpleLocal
Type: boolean
Value: 0
Class: class soot.jimple.IntConstant
Value: $r7
Class: class soot.jimple.internal.JimpleLocal
Value: "370"
Class: class soot.jimple.StringConstant
Value: $z0
Class: class soot.jimple.internal.JimpleLocal
Type: boolean
Value: 0
Class: class soot.jimple.IntConstant
Value: $r7
Class: class soot.jimple.internal.JimpleLocal
Value: "372"
Class: class soot.jimple.StringConstant
Value: $z0
Class: class soot.jimple.internal.JimpleLocal
Type: boolean
Value: 0
Class: class soot.jimple.IntConstant
Value: $r7
Class: class soot.jimple.internal.JimpleLocal
Value: "992"
Class: class soot.jimple.StringConstant
Value: $z0
Class: class soot.jimple.internal.JimpleLocal
Type: boolean
Value: 0
Class: class soot.jimple.IntConstant
Value: $r7
Class: class soot.jimple.internal.JimpleLocal
Value: "972"
Class: class soot.jimple.StringConstant
Value: $z0
Class: class soot.jimple.internal.JimpleLocal
Type: boolean
Value: 0
Class: class soot.jimple.IntConstant
Value: $r15
Class: class soot.jimple.internal.JimpleLocal
Value: null
Class: class soot.jimple.NullConstant
Value: $i0
Class: class soot.jimple.internal.JimpleLocal
Type: int
Value: 0
Class: class soot.jimple.IntConstant
Value: $i2
Class: class soot.jimple.internal.JimpleLocal
Type: int
Value: $i3
Class: class soot.jimple.internal.JimpleLocal
Type: int
Value: $r15
Class: class soot.jimple.internal.JimpleLocal
Value: null
Class: class soot.jimple.NullConstant
Value: $r15
Class: class soot.jimple.internal.JimpleLocal
Value: "ru"
Class: class soot.jimple.StringConstant
Value: $i4
Class: class soot.jimple.internal.JimpleLocal
Type: int
Value: 1
Class: class soot.jimple.IntConstant
Value: $i4
Class: class soot.jimple.internal.JimpleLocal
Type: int
Value: 2
Class: class soot.jimple.IntConstant
Value: $i4
Class: class soot.jimple.internal.JimpleLocal
Type: int
Value: 20
Class: class soot.jimple.IntConstant
Value: $i4
Class: class soot.jimple.internal.JimpleLocal
Type: int
Value: $i3
Class: class soot.jimple.internal.JimpleLocal
Type: int
Value: $r4
Class: class soot.jimple.internal.JimpleLocal
Value: "yes"
Class: class soot.jimple.StringConstant
Value: $z0
Class: class soot.jimple.internal.JimpleLocal
Type: boolean
Value: 0
Class: class soot.jimple.IntConstant
Value: $i4
Class: class soot.jimple.internal.JimpleLocal
Type: int
Value: 0
Class: class soot.jimple.IntConstant
Value: $i4
Class: class soot.jimple.internal.JimpleLocal
Type: int
Value: $i3
Class: class soot.jimple.internal.JimpleLocal
Type: int
Value: $z0
Class: class soot.jimple.internal.JimpleLocal
Type: boolean
Value: 0
Class: class soot.jimple.IntConstant
Value: $i4
Class: class soot.jimple.internal.JimpleLocal
Type: int
Value: $i0
Class: class soot.jimple.internal.JimpleLocal
Type: int
Value: $z0
Class: class soot.jimple.internal.JimpleLocal
Type: boolean
Value: 0
Class: class soot.jimple.IntConstant
Value: $z0
Class: class soot.jimple.internal.JimpleLocal
Type: boolean
Value: 0
Class: class soot.jimple.IntConstant
Value: $z0
Class: class soot.jimple.internal.JimpleLocal
Type: boolean
Value: 0
Class: class soot.jimple.IntConstant
Value: $z0
Class: class soot.jimple.internal.JimpleLocal
Type: boolean
Value: 0
Class: class soot.jimple.IntConstant
Value: $z0
Class: class soot.jimple.internal.JimpleLocal
Type: boolean
Value: 0
Class: class soot.jimple.IntConstant
Value: $z0
Class: class soot.jimple.internal.JimpleLocal
Type: boolean
Value: 0
Class: class soot.jimple.IntConstant
Value: $z0
Class: class soot.jimple.internal.JimpleLocal
Type: boolean
Value: 0
Class: class soot.jimple.IntConstant
Value: $z0
Class: class soot.jimple.internal.JimpleLocal
Type: boolean
Value: 0
Class: class soot.jimple.IntConstant
Value: $z0
Class: class soot.jimple.internal.JimpleLocal
Type: boolean
Value: 0
Class: class soot.jimple.IntConstant
Value: $z0
Class: class soot.jimple.internal.JimpleLocal
Type: boolean
Value: 0
Class: class soot.jimple.IntConstant
Transforming com.bratolubzet.stlstart.Bragushterra... 
Value: $i0
Class: class soot.jimple.internal.JimpleLocal
Type: int
Value: 0
Class: class soot.jimple.IntConstant
Value: $i0
Class: class soot.jimple.internal.JimpleLocal
Type: int
Value: 0
Class: class soot.jimple.IntConstant
Value: $r7
Class: class soot.jimple.internal.JimpleLocal
Value: null
Class: class soot.jimple.NullConstant
Value: $r2
Class: class soot.jimple.internal.JimpleLocal
Value: null
Class: class soot.jimple.NullConstant
Value: $z0
Class: class soot.jimple.internal.JimpleLocal
Type: boolean
Value: 0
Class: class soot.jimple.IntConstant
Value: $z0
Class: class soot.jimple.internal.JimpleLocal
Type: boolean
Value: 0
Class: class soot.jimple.IntConstant
Value: $z0
Class: class soot.jimple.internal.JimpleLocal
Type: boolean
Value: 0
Class: class soot.jimple.IntConstant
Value: $z0
Class: class soot.jimple.internal.JimpleLocal
Type: boolean
Value: 0
Class: class soot.jimple.IntConstant
Value: $z0
Class: class soot.jimple.internal.JimpleLocal
Type: boolean
Value: 0
Class: class soot.jimple.IntConstant
Value: $z0
Class: class soot.jimple.internal.JimpleLocal
Type: boolean
Value: 0
Class: class soot.jimple.IntConstant
Value: $r1
Class: class soot.jimple.internal.JimpleLocal
Value: null
Class: class soot.jimple.NullConstant
Value: $r3
Class: class soot.jimple.internal.JimpleLocal
Value: null
Class: class soot.jimple.NullConstant
Value: $z0
Class: class soot.jimple.internal.JimpleLocal
Type: boolean
Value: 0
Class: class soot.jimple.IntConstant
Transforming com.bratolubzet.stlstart.R$raw... 
Transforming com.bratolubzet.stlstart.Vertikalno$1... 
Value: $i4
Class: class soot.jimple.internal.JimpleLocal
Type: int
Value: 1
Class: class soot.jimple.IntConstant
Value: $i4
Class: class soot.jimple.internal.JimpleLocal
Type: int
Value: 2
Class: class soot.jimple.IntConstant
Value: $i4
Class: class soot.jimple.internal.JimpleLocal
Type: int
Value: 0
Class: class soot.jimple.IntConstant
Value: $i4
Class: class soot.jimple.internal.JimpleLocal
Type: int
Value: 0
Class: class soot.jimple.IntConstant
Value: $i4
Class: class soot.jimple.internal.JimpleLocal
Type: int
Value: $i5
Class: class soot.jimple.internal.JimpleLocal
Type: int
Value: $b0
Class: class soot.jimple.internal.JimpleLocal
Type: byte
Value: 0
Class: class soot.jimple.IntConstant
Value: $i5
Class: class soot.jimple.internal.JimpleLocal
Type: int
Value: 0
Class: class soot.jimple.IntConstant
Value: $i5
Class: class soot.jimple.internal.JimpleLocal
Type: int
Value: $i4
Class: class soot.jimple.internal.JimpleLocal
Type: int
Value: $i5
Class: class soot.jimple.internal.JimpleLocal
Type: int
Value: $i4
Class: class soot.jimple.internal.JimpleLocal
Type: int
Value: $i5
Class: class soot.jimple.internal.JimpleLocal
Type: int
Value: 1
Class: class soot.jimple.IntConstant
Value: $i5
Class: class soot.jimple.internal.JimpleLocal
Type: int
Value: $i4
Class: class soot.jimple.internal.JimpleLocal
Type: int
Transforming com.bratolubzet.stlstart.Vertikalno$2... 
Value: $i1
Class: class soot.jimple.internal.JimpleLocal
Type: int
Value: 0
Class: class soot.jimple.IntConstant
Transforming com.bratolubzet.stlstart.Vertikalno$3... 
Transforming com.bratolubzet.stlstart.Vertikalno$4... 
Value: $i0
Class: class soot.jimple.internal.JimpleLocal
Type: int
Transforming com.bratolubzet.stlstart.R$style... 
Transforming com.bratolubzet.stlstart.Bugogashenki... 
Transforming com.bratolubzet.stlstart.R$layout... 
Transforming com.bratolubzet.stlstart.Vertikalno$5... 
Value: $i0
Class: class soot.jimple.internal.JimpleLocal
Type: int
Transforming com.bratolubzet.stlstart.R$string... 
